<?xml version="1.0" encoding="UTF-8"?>
<!-- Generated by org.testng.reporters.JUnitXMLReporter -->
<testsuite hostname="localhost" name="TestGroups" tests="4" failures="0" timestamp="17 Nov 2016 06:08:18 GMT" time="73.763" errors="0">
  <testcase name="TestWebq1" time="17.23" classname="Webq.Case.CaseWebq"/>
  <testcase name="TestWebq2" time="2.818" classname="Webq.Case.CaseWebq"/>
  <testcase name="TestWebq3" time="53.704" classname="Webq.Case.CaseWebq"/>
  <testcase name="TestWebq4" time="0.001" classname="Webq.Case.CaseWebq"/>
</testsuite> <!-- TestGroups -->
