<?xml version="1.0" encoding="UTF-8"?>
<!-- Generated by org.testng.reporters.JUnitXMLReporter -->
<testsuite hostname="localhost" name="TestGroups" tests="5" failures="0" timestamp="17 Nov 2016 06:05:48 GMT" time="17.698" errors="0">
  <testcase name="TestWebqPageHomeLoginCheckPresentUrlWap" time="16.472" classname="Webq.Case.CaseUIWap"/>
  <testcase name="TestWebqPageHomeCheckHeadTitleWap" time="0.133" classname="Webq.Case.CaseUIWap"/>
  <testcase name="TestWebqPageHomeCheckLogoSizeWap" time="0.066" classname="Webq.Case.CaseUIWap"/>
  <testcase name="TestWebqPageHomeCheckPerUrlWap" time="0.986" classname="Webq.Case.CaseUIWap"/>
  <testcase name="TestWebqLoginOutWap" time="0.001" classname="Webq.Case.CaseUIWap"/>
</testsuite> <!-- TestGroups -->
