<?xml version="1.0" encoding="UTF-8"?>
<testng-results skipped="0" failed="0" total="13" passed="13">
  <reporter-output>
  </reporter-output>
  <suite name="Suite" duration-ms="17698" started-at="2016-11-17T06:05:30Z" finished-at="2016-11-17T06:05:48Z">
    <groups>
    </groups>
    <test name="TestGroups" duration-ms="17698" started-at="2016-11-17T06:05:30Z" finished-at="2016-11-17T06:05:48Z">
      <class name="Webq.Case.CaseUIWap">
        <test-method status="PASS" signature="init()[pri:0, instance:Webq.Case.CaseUIWap@5b202a3a]" name="init" is-config="true" duration-ms="688" started-at="2016-11-17T14:05:30Z" finished-at="2016-11-17T14:05:30Z">
          <reporter-output>
          </reporter-output>
        </test-method> <!-- init -->
        <test-method status="PASS" signature="TestWebqPageHomeLoginCheckPresentUrlWap()[pri:0, instance:Webq.Case.CaseUIWap@5b202a3a]" name="TestWebqPageHomeLoginCheckPresentUrlWap" duration-ms="16472" started-at="2016-11-17T14:05:30Z" finished-at="2016-11-17T14:05:47Z">
          <reporter-output>
          </reporter-output>
        </test-method> <!-- TestWebqPageHomeLoginCheckPresentUrlWap -->
        <test-method status="PASS" signature="TestWebqPageHomeCheckHeadTitleWap()[pri:0, instance:Webq.Case.CaseUIWap@5b202a3a]" name="TestWebqPageHomeCheckHeadTitleWap" duration-ms="133" started-at="2016-11-17T14:05:47Z" finished-at="2016-11-17T14:05:47Z">
          <reporter-output>
          </reporter-output>
        </test-method> <!-- TestWebqPageHomeCheckHeadTitleWap -->
        <test-method status="PASS" signature="TestWebqPageHomeCheckLogoSizeWap()[pri:0, instance:Webq.Case.CaseUIWap@5b202a3a]" name="TestWebqPageHomeCheckLogoSizeWap" duration-ms="66" started-at="2016-11-17T14:05:47Z" finished-at="2016-11-17T14:05:47Z">
          <reporter-output>
          </reporter-output>
        </test-method> <!-- TestWebqPageHomeCheckLogoSizeWap -->
        <test-method status="PASS" signature="TestWebqPageHomeCheckPerUrlWap()[pri:0, instance:Webq.Case.CaseUIWap@5b202a3a]" name="TestWebqPageHomeCheckPerUrlWap" duration-ms="986" started-at="2016-11-17T14:05:47Z" finished-at="2016-11-17T14:05:48Z">
          <reporter-output>
          </reporter-output>
        </test-method> <!-- TestWebqPageHomeCheckPerUrlWap -->
        <test-method status="PASS" signature="TestWebqLoginOutWap()[pri:0, instance:Webq.Case.CaseUIWap@5b202a3a]" name="TestWebqLoginOutWap" duration-ms="1" started-at="2016-11-17T14:05:48Z" finished-at="2016-11-17T14:05:48Z">
          <reporter-output>
          </reporter-output>
        </test-method> <!-- TestWebqLoginOutWap -->
        <test-method status="PASS" signature="stop()[pri:0, instance:Webq.Case.CaseUIWap@5b202a3a]" name="stop" is-config="true" duration-ms="346" started-at="2016-11-17T14:05:48Z" finished-at="2016-11-17T14:05:48Z">
          <reporter-output>
          </reporter-output>
        </test-method> <!-- stop -->
      </class> <!-- Webq.Case.CaseUIWap -->
    </test> <!-- TestGroups -->
  </suite> <!-- Suite -->
  <suite name="Suite (1)" duration-ms="73763" started-at="2016-11-17T06:07:05Z" finished-at="2016-11-17T06:08:18Z">
    <groups>
    </groups>
    <test name="TestGroups" duration-ms="73763" started-at="2016-11-17T06:07:05Z" finished-at="2016-11-17T06:08:18Z">
      <class name="Webq.Case.CaseWebq">
        <test-method status="PASS" signature="init()[pri:0, instance:Webq.Case.CaseWebq@6ebf0f36]" name="init" is-config="true" duration-ms="1543" started-at="2016-11-17T14:07:03Z" finished-at="2016-11-17T14:07:05Z">
          <reporter-output>
          </reporter-output>
        </test-method> <!-- init -->
        <test-method status="PASS" signature="TestWebq1()[pri:0, instance:Webq.Case.CaseWebq@6ebf0f36]" name="TestWebq1" duration-ms="17230" started-at="2016-11-17T14:07:05Z" finished-at="2016-11-17T14:07:22Z">
          <reporter-output>
          </reporter-output>
        </test-method> <!-- TestWebq1 -->
        <test-method status="PASS" signature="TestWebq2()[pri:0, instance:Webq.Case.CaseWebq@6ebf0f36]" name="TestWebq2" duration-ms="2818" started-at="2016-11-17T14:07:22Z" finished-at="2016-11-17T14:07:25Z">
          <reporter-output>
          </reporter-output>
        </test-method> <!-- TestWebq2 -->
        <test-method status="PASS" signature="TestWebq3()[pri:0, instance:Webq.Case.CaseWebq@6ebf0f36]" name="TestWebq3" duration-ms="53704" started-at="2016-11-17T14:07:25Z" finished-at="2016-11-17T14:08:18Z">
          <reporter-output>
          </reporter-output>
        </test-method> <!-- TestWebq3 -->
        <test-method status="PASS" signature="TestWebq4()[pri:0, instance:Webq.Case.CaseWebq@6ebf0f36]" name="TestWebq4" duration-ms="1" started-at="2016-11-17T14:08:18Z" finished-at="2016-11-17T14:08:18Z">
          <reporter-output>
          </reporter-output>
        </test-method> <!-- TestWebq4 -->
        <test-method status="PASS" signature="stop()[pri:0, instance:Webq.Case.CaseWebq@6ebf0f36]" name="stop" is-config="true" duration-ms="737" started-at="2016-11-17T14:08:18Z" finished-at="2016-11-17T14:08:19Z">
          <reporter-output>
          </reporter-output>
        </test-method> <!-- stop -->
      </class> <!-- Webq.Case.CaseWebq -->
    </test> <!-- TestGroups -->
  </suite> <!-- Suite (1) -->
  <suite name="Suite (0)" duration-ms="72995" started-at="2016-11-17T06:05:50Z" finished-at="2016-11-17T06:07:03Z">
    <groups>
    </groups>
    <test name="TestGroups" duration-ms="72995" started-at="2016-11-17T06:05:50Z" finished-at="2016-11-17T06:07:03Z">
      <class name="Webq.Case.CaseWAP">
        <test-method status="PASS" signature="init()[pri:0, instance:Webq.Case.CaseWAP@1d730606]" name="init" is-config="true" duration-ms="1435" started-at="2016-11-17T14:05:48Z" finished-at="2016-11-17T14:05:50Z">
          <reporter-output>
          </reporter-output>
        </test-method> <!-- init -->
        <test-method status="PASS" signature="TestWap1()[pri:0, instance:Webq.Case.CaseWAP@1d730606]" name="TestWap1" duration-ms="2884" started-at="2016-11-17T14:05:50Z" finished-at="2016-11-17T14:05:53Z">
          <reporter-output>
          </reporter-output>
        </test-method> <!-- TestWap1 -->
        <test-method status="PASS" signature="TestWap2()[pri:0, instance:Webq.Case.CaseWAP@1d730606]" name="TestWap2" duration-ms="12736" started-at="2016-11-17T14:05:53Z" finished-at="2016-11-17T14:06:05Z">
          <reporter-output>
          </reporter-output>
        </test-method> <!-- TestWap2 -->
        <test-method status="PASS" signature="TestWap3()[pri:0, instance:Webq.Case.CaseWAP@1d730606]" name="TestWap3" duration-ms="57369" started-at="2016-11-17T14:06:05Z" finished-at="2016-11-17T14:07:03Z">
          <reporter-output>
          </reporter-output>
        </test-method> <!-- TestWap3 -->
        <test-method status="PASS" signature="TestWap4()[pri:0, instance:Webq.Case.CaseWAP@1d730606]" name="TestWap4" duration-ms="1" started-at="2016-11-17T14:07:03Z" finished-at="2016-11-17T14:07:03Z">
          <reporter-output>
          </reporter-output>
        </test-method> <!-- TestWap4 -->
        <test-method status="PASS" signature="stop()[pri:0, instance:Webq.Case.CaseWAP@1d730606]" name="stop" is-config="true" duration-ms="245" started-at="2016-11-17T14:07:03Z" finished-at="2016-11-17T14:07:03Z">
          <reporter-output>
          </reporter-output>
        </test-method> <!-- stop -->
      </class> <!-- Webq.Case.CaseWAP -->
    </test> <!-- TestGroups -->
  </suite> <!-- Suite (0) -->
</testng-results>
