<?xml version="1.0" encoding="UTF-8"?>
<testsuite name="TestGroups"
           tests="4"
           failures="0"
           errors="0"
           skipped="0"
           time="73.753">
  <properties />
  
  
            <testcase name="TestWebq1" time="17.230" classname="Webq.Case.CaseWebq" />
                <testcase name="TestWebq3" time="53.704" classname="Webq.Case.CaseWebq" />
                <testcase name="TestWebq2" time="2.818" classname="Webq.Case.CaseWebq" />
                <testcase name="TestWebq4" time="0.001" classname="Webq.Case.CaseWebq" />
      
</testsuite>
