<?xml version="1.0" encoding="UTF-8"?>
<testsuite name="TestGroups"
           tests="4"
           failures="0"
           errors="0"
           skipped="0"
           time="72.990">
  <properties />
  
  
            <testcase name="TestWap3" time="57.369" classname="Webq.Case.CaseWAP" />
                <testcase name="TestWap4" time="0.001" classname="Webq.Case.CaseWAP" />
                <testcase name="TestWap1" time="2.884" classname="Webq.Case.CaseWAP" />
                <testcase name="TestWap2" time="12.736" classname="Webq.Case.CaseWAP" />
      
</testsuite>
