<?xml version="1.0" encoding="UTF-8"?>
<testsuite name="TestGroups"
           tests="5"
           failures="0"
           errors="0"
           skipped="0"
           time="17.658">
  <properties />
  
  
            <testcase name="TestWebqPageHomeLoginCheckPresentUrlWap" time="16.472" classname="Webq.Case.CaseUIWap" />
                <testcase name="TestWebqPageHomeCheckHeadTitleWap" time="0.133" classname="Webq.Case.CaseUIWap" />
                <testcase name="TestWebqPageHomeCheckPerUrlWap" time="0.986" classname="Webq.Case.CaseUIWap" />
                <testcase name="TestWebqLoginOutWap" time="0.001" classname="Webq.Case.CaseUIWap" />
                <testcase name="TestWebqPageHomeCheckLogoSizeWap" time="0.066" classname="Webq.Case.CaseUIWap" />
      
</testsuite>
